\BOOKMARK [0][-]{dummy.1}{\376\377\000D\000e\000c\000l\000a\000r\000a\000t\000i\000o\000n\000\040\000o\000f\000\040\000A\000u\000t\000h\000o\000r\000s\000h\000i\000p}{}% 1
\BOOKMARK [0][-]{dummy.2}{\376\377\000A\000b\000s\000t\000r\000a\000c\000t}{}% 2
\BOOKMARK [0][-]{dummy.3}{\376\377\000A\000c\000k\000n\000o\000w\000l\000e\000d\000g\000e\000m\000e\000n\000t\000s}{}% 3
\BOOKMARK [0][-]{dummy.4}{\376\377\000C\000o\000n\000t\000e\000n\000t\000s}{}% 4
\BOOKMARK [0][-]{dummy.6}{\376\377\000L\000i\000s\000t\000\040\000o\000f\000\040\000F\000i\000g\000u\000r\000e\000s}{}% 5
\BOOKMARK [0][-]{dummy.8}{\376\377\000L\000i\000s\000t\000\040\000o\000f\000\040\000T\000a\000b\000l\000e\000s}{}% 6
\BOOKMARK [0][-]{dummy.10}{\376\377\000A\000b\000b\000r\000e\000v\000i\000a\000t\000i\000o\000n\000s}{}% 7
\BOOKMARK [0][-]{dummy.13}{\376\377\000S\000y\000m\000b\000o\000l\000s}{}% 8
\BOOKMARK [0][-]{chapter.16}{\376\377\0001\000\040\000I\000n\000t\000r\000o\000d\000u\000c\000t\000i\000o\000n}{}% 9
\BOOKMARK [1][-]{section.17}{\376\377\0001\000.\0001\000\040\000I\000n\000t\000r\000o\000d\000u\000c\000t\000i\000o\000n\000\040\000a\000n\000d\000\040\000m\000o\000t\000i\000v\000a\000t\000i\000o\000n}{chapter.16}% 10
\BOOKMARK [1][-]{section.18}{\376\377\0001\000.\0002\000\040\000G\000r\000o\000w\000t\000h\000\040\000o\000f\000\040\000a\000i\000r\000\040\000t\000r\000a\000f\000f\000i\000c\000\040\000m\000o\000v\000e\000m\000e\000n\000t\000s\000\040\000i\000n\000\040\000e\000a\000r\000l\000y\000\040\0002\0000\000t\000h\000\040\000c\000e\000n\000t\000u\000r\000y}{chapter.16}% 11
\BOOKMARK [2][-]{subsection.19}{\376\377\0001\000.\0002\000.\0001\000\040\000Y\000e\000a\000r\000s\000\040\0002\0000\0000\0000\000\040\040\023\000\040\0002\0000\0001\0000}{section.18}% 12
\BOOKMARK [2][-]{subsection.26}{\376\377\0001\000.\0002\000.\0002\000\040\000Y\000e\000a\000r\000s\000\040\0002\0000\0001\0000\000\040\040\023\000\040\0002\0000\0003\0005}{section.18}% 13
\BOOKMARK [1][-]{section.29}{\376\377\0001\000.\0003\000\040\000S\000o\000m\000e\000\040\000e\000x\000c\000e\000r\000p\000t\000s\000\040\000f\000r\000o\000m\000\040\000a\000i\000r\000w\000o\000r\000t\000h\000i\000n\000e\000s\000s\000\040\000r\000e\000g\000u\000l\000a\000t\000i\000o\000n\000s}{chapter.16}% 14
\BOOKMARK [2][-]{subsection.30}{\376\377\0001\000.\0003\000.\0001\000\040\000C\000A\000E\000P\000\040\000r\000e\000g\000u\000l\000a\000t\000i\000o\000n\000s}{section.29}% 15
\BOOKMARK [2][-]{subsection.31}{\376\377\0001\000.\0003\000.\0002\000\040\000I\000C\000A\000O\000\040\000A\000n\000n\000e\000x\000\040\0001\0006}{section.29}% 16
\BOOKMARK [2][-]{subsection.35}{\376\377\0001\000.\0003\000.\0003\000\040\000L\000o\000c\000a\000l\000\040\000r\000e\000g\000u\000l\000a\000t\000i\000o\000n\000s}{section.29}% 17
\BOOKMARK [1][-]{section.38}{\376\377\0001\000.\0004\000\040\000I\000n\000f\000l\000u\000e\000n\000c\000e\000\040\000o\000f\000\040\000r\000e\000g\000u\000l\000a\000t\000i\000o\000n\000s\000\040\000o\000n\000\040\000e\000n\000g\000i\000n\000e\000e\000r\000i\000n\000g\000\040\000s\000o\000l\000u\000t\000i\000o\000n\000s}{chapter.16}% 18
\BOOKMARK [0][-]{chapter.39}{\376\377\0002\000\040\000C\000u\000r\000r\000e\000n\000t\000\040\000r\000e\000s\000e\000a\000r\000c\000h\000\040\000o\000n\000\040\000C\000o\000m\000p\000u\000t\000a\000t\000i\000o\000n\000a\000l\000\040\000A\000e\000r\000o\000a\000c\000o\000u\000s\000t\000i\000c\000s}{}% 19
\BOOKMARK [1][-]{section.40}{\376\377\0002\000.\0001\000\040\000C\000l\000a\000s\000s\000i\000f\000i\000c\000a\000t\000i\000o\000n\000\040\000o\000f\000\040\000C\000A\000A\000\040\000m\000e\000t\000h\000o\000d\000s}{chapter.39}% 20
\BOOKMARK [1][-]{section.51}{\376\377\0002\000.\0002\000\040\000L\000i\000g\000h\000t\000h\000i\000l\000l\000-\000C\000u\000r\000l\000e\000\040\000t\000h\000e\000o\000r\000y\000\040\000o\000f\000\040\000a\000e\000r\000o\000d\000y\000n\000a\000m\000i\000c\000\040\000s\000o\000u\000n\000d}{chapter.39}% 21
\BOOKMARK [1][-]{section.66}{\376\377\0002\000.\0003\000\040\000F\000W\000-\000H\000\040\000A\000n\000a\000l\000o\000g\000y}{chapter.39}% 22
\BOOKMARK [1][-]{section.75}{\376\377\0002\000.\0004\000\040\000L\000i\000m\000i\000t\000a\000t\000i\000o\000n\000s\000\040\000t\000o\000\040\000a\000c\000o\000u\000s\000t\000i\000c\000\040\000a\000n\000a\000l\000o\000g\000i\000e\000s}{chapter.39}% 23
\BOOKMARK [0][-]{chapter.76}{\376\377\0003\000\040\000A\000p\000p\000r\000o\000a\000c\000h\000\040\000a\000n\000d\000\040\000d\000i\000r\000e\000c\000t\000\040\000f\000o\000r\000m\000u\000l\000a\000t\000i\000o\000n\000\040\000o\000f\000\040\000n\000o\000i\000s\000e\000\040\000a\000n\000a\000l\000y\000s\000i\000s}{}% 24
\BOOKMARK [1][-]{section.77}{\376\377\0003\000.\0001\000\040\000D\000i\000r\000e\000c\000t\000\040\000f\000o\000r\000m\000u\000l\000a\000t\000i\000o\000n\000\040\000o\000f\000\040\000n\000o\000i\000s\000e\000\040\000a\000n\000a\000l\000y\000s\000i\000s}{chapter.76}% 25
\BOOKMARK [1][-]{section.96}{\376\377\0003\000.\0002\000\040\000C\000F\000D\000\040\000a\000n\000a\000l\000y\000s\000i\000s\000\040\000r\000e\000q\000u\000i\000r\000e\000m\000e\000n\000t\000s}{chapter.76}% 26
\BOOKMARK [2][-]{subsection.98}{\376\377\0003\000.\0002\000.\0001\000\040\000G\000o\000v\000e\000r\000i\000n\000g\000\040\000e\000q\000u\000a\000t\000i\000o\000n\000s}{section.96}% 27
\BOOKMARK [2][-]{subsection.101}{\376\377\0003\000.\0002\000.\0002\000\040\000D\000i\000r\000e\000c\000t\000\040\000N\000u\000m\000e\000r\000i\000c\000a\000l\000\040\000S\000i\000m\000u\000l\000a\000t\000i\000o\000n}{section.96}% 28
\BOOKMARK [2][-]{subsection.106}{\376\377\0003\000.\0002\000.\0003\000\040\000L\000a\000r\000g\000e\000\040\000E\000d\000d\000y\000\040\000S\000i\000m\000u\000l\000a\000t\000i\000o\000n}{section.96}% 29
\BOOKMARK [2][-]{subsection.121}{\376\377\0003\000.\0002\000.\0004\000\040\000R\000e\000y\000n\000o\000l\000d\000s\000\040\000A\000v\000e\000r\000a\000g\000e\000d\000\040\000N\000a\000v\000i\000e\000r\000\040\000S\000t\000o\000k\000e\000s}{section.96}% 30
\BOOKMARK [2][-]{subsection.133}{\376\377\0003\000.\0002\000.\0005\000\040\000H\000y\000b\000r\000i\000d\000\040\000R\000A\000N\000S\000/\000L\000E\000S\000\040\000M\000e\000t\000h\000o\000d\000s}{section.96}% 31
\BOOKMARK [1][-]{section.147}{\376\377\0003\000.\0003\000\040\000M\000e\000s\000h\000\040\000s\000i\000z\000i\000n\000g\000\040\000r\000e\000q\000u\000i\000r\000e\000m\000e\000n\000t\000s}{chapter.76}% 32
\BOOKMARK [1][-]{section.155}{\376\377\0003\000.\0004\000\040\000T\000i\000m\000e\000s\000t\000e\000p\000\040\000r\000e\000q\000u\000i\000r\000e\000m\000e\000n\000t\000s}{chapter.76}% 33
\BOOKMARK [1][-]{section.160}{\376\377\0003\000.\0005\000\040\000L\000i\000m\000i\000t\000i\000n\000g\000\040\000f\000a\000c\000t\000o\000r\000s\000\040\000o\000f\000\040\000t\000h\000e\000\040\000d\000i\000r\000e\000c\000t\000\040\000a\000p\000p\000r\000o\000a\000c\000h}{chapter.76}% 34
\BOOKMARK [0][-]{chapter.161}{\376\377\0004\000\040\000T\000e\000s\000t\000\040\000c\000a\000s\000e}{}% 35
\BOOKMARK [1][-]{section.162}{\376\377\0004\000.\0001\000\040\000N\000A\000S\000A\000\040\000R\000o\000t\000o\000r\000\040\0006\0007\000\040\000t\000r\000a\000n\000s\000o\000n\000i\000c\000\040\000a\000x\000i\000a\000l\000\040\000c\000o\000m\000p\000r\000e\000s\000s\000o\000r}{chapter.161}% 36
\BOOKMARK [1][-]{section.165}{\376\377\0004\000.\0002\000\040\0003\000D\000\040\000g\000e\000o\000m\000e\000t\000r\000y\000\040\000p\000r\000e\000p\000a\000r\000a\000t\000i\000o\000n}{chapter.161}% 37
\BOOKMARK [1][-]{section.167}{\376\377\0004\000.\0003\000\040\000M\000e\000s\000h\000i\000n\000g\000\040\000a\000p\000p\000r\000o\000a\000c\000h}{chapter.161}% 38
\BOOKMARK [0][-]{chapter.180}{\376\377\0005\000\040\000C\000F\000D\000\040\000A\000n\000a\000l\000y\000s\000i\000s}{}% 39
\BOOKMARK [1][-]{section.181}{\376\377\0005\000.\0001\000\040\000C\000a\000s\000e\000\040\000p\000r\000e\000p\000r\000o\000c\000e\000s\000s\000i\000n\000g}{chapter.180}% 40
\BOOKMARK [1][-]{section.185}{\376\377\0005\000.\0002\000\040\000F\000l\000o\000w\000f\000i\000e\000l\000d\000\040\000i\000n\000i\000t\000i\000a\000l\000i\000z\000a\000t\000i\000o\000n\000\040\000\046\000\040\000R\000A\000N\000S}{chapter.180}% 41
\BOOKMARK [1][-]{section.190}{\376\377\0005\000.\0003\000\040\000D\000D\000E\000S\000\040\000a\000n\000a\000l\000y\000s\000i\000s}{chapter.180}% 42
\BOOKMARK [1][-]{section.195}{\376\377\0005\000.\0004\000\040\000V\000a\000l\000i\000d\000a\000t\000i\000o\000n\000\040\000o\000f\000\040\000t\000h\000e\000\040\000r\000e\000s\000u\000l\000t\000s}{chapter.180}% 43
\BOOKMARK [0][-]{chapter.199}{\376\377\0006\000\040\000R\000e\000s\000u\000l\000t\000s\000\040\000o\000f\000\040\000f\000l\000o\000w\000\040\000f\000i\000e\000l\000d\000\040\000n\000o\000i\000s\000e\000\040\000a\000n\000a\000l\000y\000s\000i\000s}{}% 44
\BOOKMARK [1][-]{section.200}{\376\377\0006\000.\0001\000\040\000T\000r\000a\000n\000s\000i\000t\000i\000o\000n\000\040\000f\000r\000o\000m\000\040\000f\000l\000o\000w\000-\000f\000i\000e\000l\000d\000\040\000t\000o\000\040\000s\000o\000u\000n\000d\000\040\000s\000i\000g\000n\000a\000l\000\040\000d\000a\000t\000a}{chapter.199}% 45
\BOOKMARK [1][-]{section.201}{\376\377\0006\000.\0002\000\040\000S\000o\000u\000n\000d\000\040\000l\000e\000v\000e\000l\000s\000\040\000r\000e\000s\000u\000l\000t\000s}{chapter.199}% 46
\BOOKMARK [2][-]{subsection.202}{\376\377\0006\000.\0002\000.\0001\000\040\000R\000e\000s\000u\000l\000t\000s\000\040\000p\000o\000s\000t\000p\000r\000o\000c\000e\000s\000s\000i\000n\000g}{section.201}% 47
\BOOKMARK [2][-]{subsection.203}{\376\377\0006\000.\0002\000.\0002\000\040\000Q\000u\000a\000l\000i\000t\000a\000t\000i\000v\000e\000\040\000a\000n\000a\000l\000y\000s\000i\000s}{section.201}% 48
\BOOKMARK [2][-]{subsection.205}{\376\377\0006\000.\0002\000.\0003\000\040\000Q\000u\000a\000n\000t\000i\000t\000a\000t\000i\000v\000e\000\040\000a\000n\000a\000l\000y\000s\000i\000s}{section.201}% 49
\BOOKMARK [1][-]{section.208}{\376\377\0006\000.\0003\000\040\000F\000r\000e\000q\000u\000e\000n\000c\000y\000\040\000a\000n\000a\000l\000y\000s\000i\000s\000\040\000r\000e\000s\000u\000l\000t\000s}{chapter.199}% 50
\BOOKMARK [2][-]{subsection.209}{\376\377\0006\000.\0003\000.\0001\000\040\000R\000e\000s\000u\000l\000t\000s\000\040\000p\000o\000s\000t\000p\000r\000o\000c\000e\000s\000s\000i\000n\000g}{section.208}% 51
\BOOKMARK [2][-]{subsection.213}{\376\377\0006\000.\0003\000.\0002\000\040\000Q\000u\000a\000l\000i\000t\000a\000t\000i\000v\000e\000\040\000a\000n\000a\000l\000y\000s\000i\000s}{section.208}% 52
\BOOKMARK [2][-]{subsection.214}{\376\377\0006\000.\0003\000.\0003\000\040\000Q\000u\000a\000n\000t\000i\000t\000a\000t\000i\000v\000e\000\040\000a\000n\000a\000l\000y\000s\000i\000s}{section.208}% 53
\BOOKMARK [0][-]{chapter.217}{\376\377\0007\000\040\000C\000o\000n\000c\000l\000u\000s\000i\000o\000n\000s\000\040\000\046\000\040\000F\000u\000r\000t\000h\000e\000r\000\040\000w\000o\000r\000k}{}% 54
\BOOKMARK [1][-]{section.218}{\376\377\0007\000.\0001\000\040\000R\000e\000s\000u\000l\000t\000s\000\040\000d\000i\000s\000c\000u\000s\000s\000i\000o\000n}{chapter.217}% 55
\BOOKMARK [1][-]{section.219}{\376\377\0007\000.\0002\000\040\000I\000m\000p\000r\000o\000v\000e\000m\000e\000n\000t\000s\000\040\000t\000o\000\040\000t\000h\000e\000\040\000m\000e\000t\000h\000o\000d}{chapter.217}% 56
\BOOKMARK [1][-]{section.220}{\376\377\0007\000.\0003\000\040\000F\000u\000r\000t\000h\000e\000r\000\040\000w\000o\000r\000k}{chapter.217}% 57
\BOOKMARK [1][-]{section.221}{\376\377\0007\000.\0004\000\040\000C\000l\000o\000s\000i\000n\000g\000\040\000r\000e\000m\000a\000r\000k\000s}{chapter.217}% 58
\BOOKMARK [0][-]{dummy.222}{\376\377\000B\000i\000b\000l\000i\000o\000g\000r\000a\000p\000h\000y}{}% 59
